<?xml version="1.0" encoding="UTF-8"?>
<!-- Generated by org.testng.reporters.JUnitReportReporter -->
<testsuite skipped="0" hostname="LIN20002679" name="login.SchemaProfilePage" tests="9" failures="0" timestamp="16 Mar 2021 03:34:12 GMT" time="111.285" errors="0">
  <testcase name="Verify_presence_of_search_icon_on_home_page" time="9.245" classname="login.SchemaProfilePage"/>
  <testcase name="Verify_placeholder_text_search_box" time="13.397" classname="login.SchemaProfilePage"/>
  <testcase name="Verify_user_input" time="9.545" classname="login.SchemaProfilePage"/>
  <testcase name="Verify_result_selection" time="21.444" classname="login.SchemaProfilePage"/>
  <testcase name="Verify_invalid_input" time="15.278" classname="login.SchemaProfilePage"/>
  <testcase name="Verify_close_Search" time="11.585" classname="login.SchemaProfilePage"/>
  <testcase name="Verify_invalid_input_1_char" time="9.709" classname="login.SchemaProfilePage"/>
  <testcase name="Verify_invalid_input_2_char" time="9.882" classname="login.SchemaProfilePage"/>
  <testcase name="Verify_invalid_input_specialChar" time="11.200" classname="login.SchemaProfilePage"/>
</testsuite> <!-- login.SchemaProfilePage -->
