<?xml version="1.0" encoding="UTF-8"?>
<!-- Generated by org.testng.reporters.JUnitReportReporter -->
<testsuite skipped="0" hostname="LIN20002679" name="signup.SignUpTest" tests="4" failures="0" timestamp="08 Mar 2020 07:41:03 GMT" time="87.420" errors="0">
  <testcase name="verify_signup_with_set_of_data" time="16.156" classname="signup.SignUpTest"/>
  <testcase name="verify_signup_with_set_of_data" time="15.797" classname="signup.SignUpTest"/>
  <testcase name="verify_signup_with_set_of_data" time="15.930" classname="signup.SignUpTest"/>
  <testcase name="verify_signup_with_set_of_data" time="39.537" classname="signup.SignUpTest"/>
</testsuite> <!-- signup.SignUpTest -->
