<?xml version="1.0" encoding="UTF-8"?>
<!-- Generated by org.testng.reporters.JUnitReportReporter -->
<testsuite skipped="0" hostname="LIN20002679" name="signup.SignUpTest" tests="4" failures="0" timestamp="10 Jun 2020 08:22:15 GMT" time="57.206" errors="0">
  <testcase name="verify_signup_with_set_of_data" time="14.998" classname="signup.SignUpTest"/>
  <testcase name="verify_signup_with_set_of_data" time="13.710" classname="signup.SignUpTest"/>
  <testcase name="verify_signup_with_set_of_data" time="15.008" classname="signup.SignUpTest"/>
  <testcase name="verify_signup_with_set_of_data" time="13.490" classname="signup.SignUpTest"/>
</testsuite> <!-- signup.SignUpTest -->
