<?xml version="1.0" encoding="UTF-8"?>
<!-- Generated by org.testng.reporters.JUnitReportReporter -->
<testsuite skipped="0" hostname="LIN20002679" name="login.SchemaProfilePage" tests="1" failures="0" timestamp="16 Mar 2021 08:25:32 GMT" time="13.844" errors="0">
  <testcase name="Verify_presence_of_search_icon_on_home_page" time="13.844" classname="login.SchemaProfilePage"/>
</testsuite> <!-- login.SchemaProfilePage -->
