<?xml version="1.0" encoding="UTF-8"?>
<!-- Generated by org.testng.reporters.JUnitReportReporter -->
<testsuite skipped="0" hostname="LIN20002679" name="signup.SignUpTestWithArrayOfString" tests="4" failures="0" timestamp="17 Mar 2020 07:43:45 GMT" time="61.075" errors="0">
  <testcase name="verify_signup_with_set_of_data" time="17.329" classname="signup.SignUpTestWithArrayOfString"/>
  <testcase name="verify_signup_with_set_of_data" time="15.113" classname="signup.SignUpTestWithArrayOfString"/>
  <testcase name="verify_signup_with_set_of_data" time="14.304" classname="signup.SignUpTestWithArrayOfString"/>
  <testcase name="verify_signup_with_set_of_data" time="14.329" classname="signup.SignUpTestWithArrayOfString"/>
</testsuite> <!-- signup.SignUpTestWithArrayOfString -->
