<?xml version="1.0" encoding="UTF-8"?>
<!-- Generated by org.testng.reporters.JUnitReportReporter -->
<testsuite skipped="0" hostname="LIN20002679" name="login.LoginTest" tests="10" failures="0" timestamp="16 Mar 2021 04:26:50 GMT" time="118.499" errors="0">
  <testcase name="verify_signup_with_set_of_data" time="16.347" classname="login.LoginTest"/>
  <testcase name="verify_signup_with_set_of_data" time="13.667" classname="login.LoginTest"/>
  <testcase name="verify_signup_with_set_of_data" time="15.340" classname="login.LoginTest"/>
  <testcase name="Verify_login_page_load" time="10.908" classname="login.LoginTest"/>
  <testcase name="Verify_login_page_form_elements" time="11.847" classname="login.LoginTest"/>
  <testcase name="Verify_user_input" time="9.266" classname="login.LoginTest"/>
  <testcase name="Verify_that_Username_Password_has_valid_placeholder" time="11.070" classname="login.LoginTest"/>
  <testcase name="Verify_that_Password_is_masked" time="10.868" classname="login.LoginTest"/>
  <testcase name="Verify_no_input_user" time="9.629" classname="login.LoginTest"/>
  <testcase name="Verify_no_input_password" time="9.557" classname="login.LoginTest"/>
</testsuite> <!-- login.LoginTest -->
