<?xml version="1.0" encoding="UTF-8"?>
<!-- Generated by org.testng.reporters.JUnitReportReporter -->
<testsuite skipped="0" hostname="LIN20002679" name="signup.AboutUsTest" tests="2" failures="0" timestamp="10 Jun 2020 09:03:06 GMT" time="19.879" errors="0">
  <testcase name="verify_about_us_modal_is_displayed" time="12.490" classname="signup.AboutUsTest"/>
  <testcase name="verify_user_is_able_to_close_about_us_modal" time="7.389" classname="signup.AboutUsTest"/>
</testsuite> <!-- signup.AboutUsTest -->
