<?xml version="1.0" encoding="UTF-8"?>
<!-- Generated by org.testng.reporters.JUnitReportReporter -->
<testsuite skipped="0" hostname="LIN20002679" name="signup.SignUpTest" tests="1" failures="0" timestamp="05 Mar 2020 06:31:32 GMT" time="59.446" errors="0">
  <testcase name="verify_signup_with_set_of_data" time="59.446" classname="signup.SignUpTest"/>
</testsuite> <!-- signup.SignUpTest -->
